Performing C SOURCE FILE Test CMAKE_HAVE_LIBC_PTHREAD failed with the following output:
Change Dir: /media/sf_IoT_final_project/build/CMakeFiles/CMakeTmp

Run Build Command(s):/usr/bin/make cmTC_57ccb/fast && make: Warning: File 'Makefile' has modification time 0.024 s in the future
/usr/bin/make -f CMakeFiles/cmTC_57ccb.dir/build.make CMakeFiles/cmTC_57ccb.dir/build
make[1]: Entering directory '/media/sf_IoT_final_project/build/CMakeFiles/CMakeTmp'
make[1]: Warning: File 'CMakeFiles/cmTC_57ccb.dir/flags.make' has modification time 0.017 s in the future
Building C object CMakeFiles/cmTC_57ccb.dir/src.c.o
/usr/bin/cc   -DCMAKE_HAVE_LIBC_PTHREAD   -o CMakeFiles/cmTC_57ccb.dir/src.c.o   -c /media/sf_IoT_final_project/build/CMakeFiles/CMakeTmp/src.c
Linking C executable cmTC_57ccb
/usr/bin/cmake -E cmake_link_script CMakeFiles/cmTC_57ccb.dir/link.txt --verbose=1
/usr/bin/cc  -DCMAKE_HAVE_LIBC_PTHREAD    -rdynamic CMakeFiles/cmTC_57ccb.dir/src.c.o  -o cmTC_57ccb 
/usr/bin/ld: CMakeFiles/cmTC_57ccb.dir/src.c.o: in function `main':
src.c:(.text+0x46): undefined reference to `pthread_create'
/usr/bin/ld: src.c:(.text+0x52): undefined reference to `pthread_detach'
/usr/bin/ld: src.c:(.text+0x63): undefined reference to `pthread_join'
collect2: error: ld returned 1 exit status
make[1]: *** [CMakeFiles/cmTC_57ccb.dir/build.make:87: cmTC_57ccb] Error 1
make[1]: Leaving directory '/media/sf_IoT_final_project/build/CMakeFiles/CMakeTmp'
make: *** [Makefile:121: cmTC_57ccb/fast] Error 2


Source file was:
#include <pthread.h>

void* test_func(void* data)
{
  return data;
}

int main(void)
{
  pthread_t thread;
  pthread_create(&thread, NULL, test_func, NULL);
  pthread_detach(thread);
  pthread_join(thread, NULL);
  pthread_atfork(NULL, NULL, NULL);
  pthread_exit(NULL);

  return 0;
}

Determining if the function pthread_create exists in the pthreads failed with the following output:
Change Dir: /media/sf_IoT_final_project/build/CMakeFiles/CMakeTmp

Run Build Command(s):/usr/bin/make cmTC_9b530/fast && make: Warning: File 'Makefile' has modification time 0.019 s in the future
/usr/bin/make -f CMakeFiles/cmTC_9b530.dir/build.make CMakeFiles/cmTC_9b530.dir/build
make[1]: Entering directory '/media/sf_IoT_final_project/build/CMakeFiles/CMakeTmp'
make[1]: Warning: File 'CMakeFiles/cmTC_9b530.dir/flags.make' has modification time 0.012 s in the future
Building C object CMakeFiles/cmTC_9b530.dir/CheckFunctionExists.c.o
/usr/bin/cc   -DCHECK_FUNCTION_EXISTS=pthread_create   -o CMakeFiles/cmTC_9b530.dir/CheckFunctionExists.c.o   -c /usr/share/cmake-3.16/Modules/CheckFunctionExists.c
Linking C executable cmTC_9b530
/usr/bin/cmake -E cmake_link_script CMakeFiles/cmTC_9b530.dir/link.txt --verbose=1
/usr/bin/cc  -DCHECK_FUNCTION_EXISTS=pthread_create    -rdynamic CMakeFiles/cmTC_9b530.dir/CheckFunctionExists.c.o  -o cmTC_9b530  -lpthreads 
/usr/bin/ld: cannot find -lpthreads
collect2: error: ld returned 1 exit status
make[1]: *** [CMakeFiles/cmTC_9b530.dir/build.make:87: cmTC_9b530] Error 1
make[1]: Leaving directory '/media/sf_IoT_final_project/build/CMakeFiles/CMakeTmp'
make: *** [Makefile:121: cmTC_9b530/fast] Error 2



